<?xml version="1.0" encoding="UTF-8"?>
<testsuite xmlns:xsi="http://www.w3.org/2001/XMLSchema-instance" xsi:noNamespaceSchemaLocation="https://maven.apache.org/surefire/maven-surefire-plugin/xsd/surefire-test-report.xsd" name="TestSuite" time="318.68" tests="22" errors="0" skipped="0" failures="18">
  <properties>
    <property name="sun.desktop" value="windows"/>
    <property name="awt.toolkit" value="sun.awt.windows.WToolkit"/>
    <property name="file.encoding.pkg" value="sun.io"/>
    <property name="java.specification.version" value="1.8"/>
    <property name="sun.cpu.isalist" value="amd64"/>
    <property name="sun.jnu.encoding" value="Cp1251"/>
    <property name="java.class.path" value="C:\Users\ukhatsko\Desktop\Projects\onliner-car-sales\target\test-classes;C:\Users\ukhatsko\Desktop\Projects\onliner-car-sales\target\classes;C:\Users\ukhatsko\.m2\repository\org\testng\testng\6.14.2\testng-6.14.2.jar;C:\Users\ukhatsko\.m2\repository\com\beust\jcommander\1.72\jcommander-1.72.jar;C:\Users\ukhatsko\.m2\repository\org\apache-extras\beanshell\bsh\2.0b6\bsh-2.0b6.jar;C:\Users\ukhatsko\.m2\repository\ru\stqa\selenium\webdriver-factory\4.3\webdriver-factory-4.3.jar;C:\Users\ukhatsko\.m2\repository\org\hamcrest\java-hamcrest\2.0.0.0\java-hamcrest-2.0.0.0.jar;C:\Users\ukhatsko\.m2\repository\org\seleniumhq\selenium\selenium-java\3.10.0\selenium-java-3.10.0.jar;C:\Users\ukhatsko\.m2\repository\org\seleniumhq\selenium\selenium-api\3.10.0\selenium-api-3.10.0.jar;C:\Users\ukhatsko\.m2\repository\org\seleniumhq\selenium\selenium-chrome-driver\3.10.0\selenium-chrome-driver-3.10.0.jar;C:\Users\ukhatsko\.m2\repository\org\seleniumhq\selenium\selenium-edge-driver\3.10.0\selenium-edge-driver-3.10.0.jar;C:\Users\ukhatsko\.m2\repository\org\seleniumhq\selenium\selenium-firefox-driver\3.10.0\selenium-firefox-driver-3.10.0.jar;C:\Users\ukhatsko\.m2\repository\org\seleniumhq\selenium\selenium-ie-driver\3.10.0\selenium-ie-driver-3.10.0.jar;C:\Users\ukhatsko\.m2\repository\org\seleniumhq\selenium\selenium-opera-driver\3.10.0\selenium-opera-driver-3.10.0.jar;C:\Users\ukhatsko\.m2\repository\org\seleniumhq\selenium\selenium-remote-driver\3.10.0\selenium-remote-driver-3.10.0.jar;C:\Users\ukhatsko\.m2\repository\org\seleniumhq\selenium\selenium-safari-driver\3.10.0\selenium-safari-driver-3.10.0.jar;C:\Users\ukhatsko\.m2\repository\org\seleniumhq\selenium\selenium-support\3.10.0\selenium-support-3.10.0.jar;C:\Users\ukhatsko\.m2\repository\net\bytebuddy\byte-buddy\1.7.9\byte-buddy-1.7.9.jar;C:\Users\ukhatsko\.m2\repository\org\apache\commons\commons-exec\1.3\commons-exec-1.3.jar;C:\Users\ukhatsko\.m2\repository\commons-codec\commons-codec\1.10\commons-codec-1.10.jar;C:\Users\ukhatsko\.m2\repository\commons-logging\commons-logging\1.2\commons-logging-1.2.jar;C:\Users\ukhatsko\.m2\repository\com\google\code\gson\gson\2.8.2\gson-2.8.2.jar;C:\Users\ukhatsko\.m2\repository\org\apache\httpcomponents\httpclient\4.5.3\httpclient-4.5.3.jar;C:\Users\ukhatsko\.m2\repository\org\apache\httpcomponents\httpcore\4.4.6\httpcore-4.4.6.jar;C:\Users\ukhatsko\.m2\repository\com\squareup\okhttp3\okhttp\3.9.1\okhttp-3.9.1.jar;C:\Users\ukhatsko\.m2\repository\com\squareup\okio\okio\1.13.0\okio-1.13.0.jar;C:\Users\ukhatsko\.m2\repository\org\seleniumhq\selenium\htmlunit-driver\2.29.2\htmlunit-driver-2.29.2.jar;C:\Users\ukhatsko\.m2\repository\net\sourceforge\htmlunit\htmlunit\2.29\htmlunit-2.29.jar;C:\Users\ukhatsko\.m2\repository\xalan\xalan\2.7.2\xalan-2.7.2.jar;C:\Users\ukhatsko\.m2\repository\xalan\serializer\2.7.2\serializer-2.7.2.jar;C:\Users\ukhatsko\.m2\repository\org\apache\commons\commons-text\1.2\commons-text-1.2.jar;C:\Users\ukhatsko\.m2\repository\net\sourceforge\htmlunit\htmlunit-core-js\2.28\htmlunit-core-js-2.28.jar;C:\Users\ukhatsko\.m2\repository\net\sourceforge\htmlunit\neko-htmlunit\2.28\neko-htmlunit-2.28.jar;C:\Users\ukhatsko\.m2\repository\xerces\xercesImpl\2.11.0\xercesImpl-2.11.0.jar;C:\Users\ukhatsko\.m2\repository\xml-apis\xml-apis\1.4.01\xml-apis-1.4.01.jar;C:\Users\ukhatsko\.m2\repository\net\sourceforge\cssparser\cssparser\0.9.24\cssparser-0.9.24.jar;C:\Users\ukhatsko\.m2\repository\org\w3c\css\sac\1.3\sac-1.3.jar;C:\Users\ukhatsko\.m2\repository\commons-net\commons-net\3.6\commons-net-3.6.jar;C:\Users\ukhatsko\.m2\repository\org\eclipse\jetty\websocket\websocket-client\9.4.8.v20171121\websocket-client-9.4.8.v20171121.jar;C:\Users\ukhatsko\.m2\repository\org\eclipse\jetty\jetty-client\9.4.8.v20171121\jetty-client-9.4.8.v20171121.jar;C:\Users\ukhatsko\.m2\repository\org\eclipse\jetty\jetty-http\9.4.8.v20171121\jetty-http-9.4.8.v20171121.jar;C:\Users\ukhatsko\.m2\repository\org\eclipse\jetty\jetty-xml\9.4.8.v20171121\jetty-xml-9.4.8.v20171121.jar;C:\Users\ukhatsko\.m2\repository\org\eclipse\jetty\jetty-util\9.4.8.v20171121\jetty-util-9.4.8.v20171121.jar;C:\Users\ukhatsko\.m2\repository\org\eclipse\jetty\jetty-io\9.4.8.v20171121\jetty-io-9.4.8.v20171121.jar;C:\Users\ukhatsko\.m2\repository\org\eclipse\jetty\websocket\websocket-common\9.4.8.v20171121\websocket-common-9.4.8.v20171121.jar;C:\Users\ukhatsko\.m2\repository\org\eclipse\jetty\websocket\websocket-api\9.4.8.v20171121\websocket-api-9.4.8.v20171121.jar;C:\Users\ukhatsko\.m2\repository\com\codeborne\phantomjsdriver\1.4.4\phantomjsdriver-1.4.4.jar;C:\Users\ukhatsko\.m2\repository\io\github\bonigarcia\webdrivermanager\2.2.4\webdrivermanager-2.2.4.jar;C:\Users\ukhatsko\.m2\repository\commons-io\commons-io\2.6\commons-io-2.6.jar;C:\Users\ukhatsko\.m2\repository\org\apache\commons\commons-lang3\3.7\commons-lang3-3.7.jar;C:\Users\ukhatsko\.m2\repository\org\rauschig\jarchivelib\0.8.0\jarchivelib-0.8.0.jar;C:\Users\ukhatsko\.m2\repository\org\apache\commons\commons-compress\1.14\commons-compress-1.14.jar;C:\Users\ukhatsko\.m2\repository\org\jsoup\jsoup\1.11.3\jsoup-1.11.3.jar;C:\Users\ukhatsko\.m2\repository\org\slf4j\slf4j-api\1.8.0-beta0\slf4j-api-1.8.0-beta0.jar;C:\Users\ukhatsko\.m2\repository\org\slf4j\slf4j-log4j12\1.8.0-beta0\slf4j-log4j12-1.8.0-beta0.jar;C:\Users\ukhatsko\.m2\repository\log4j\log4j\1.2.17\log4j-1.2.17.jar;C:\Users\ukhatsko\.m2\repository\com\jayway\restassured\rest-assured\2.9.0\rest-assured-2.9.0.jar;C:\Users\ukhatsko\.m2\repository\org\codehaus\groovy\groovy\2.4.4\groovy-2.4.4.jar;C:\Users\ukhatsko\.m2\repository\org\codehaus\groovy\groovy-xml\2.4.4\groovy-xml-2.4.4.jar;C:\Users\ukhatsko\.m2\repository\org\apache\httpcomponents\httpmime\4.5.1\httpmime-4.5.1.jar;C:\Users\ukhatsko\.m2\repository\org\hamcrest\hamcrest-core\1.3\hamcrest-core-1.3.jar;C:\Users\ukhatsko\.m2\repository\org\ccil\cowan\tagsoup\tagsoup\1.2.1\tagsoup-1.2.1.jar;C:\Users\ukhatsko\.m2\repository\com\jayway\restassured\json-path\2.9.0\json-path-2.9.0.jar;C:\Users\ukhatsko\.m2\repository\org\codehaus\groovy\groovy-json\2.4.4\groovy-json-2.4.4.jar;C:\Users\ukhatsko\.m2\repository\com\jayway\restassured\rest-assured-common\2.9.0\rest-assured-common-2.9.0.jar;C:\Users\ukhatsko\.m2\repository\com\jayway\restassured\xml-path\2.9.0\xml-path-2.9.0.jar;C:\Users\ukhatsko\.m2\repository\org\hamcrest\hamcrest-library\1.3\hamcrest-library-1.3.jar;C:\Users\ukhatsko\.m2\repository\io\rest-assured\json-schema-validator\3.2.0\json-schema-validator-3.2.0.jar;C:\Users\ukhatsko\.m2\repository\com\github\fge\json-schema-validator\2.2.6\json-schema-validator-2.2.6.jar;C:\Users\ukhatsko\.m2\repository\joda-time\joda-time\2.3\joda-time-2.3.jar;C:\Users\ukhatsko\.m2\repository\com\googlecode\libphonenumber\libphonenumber\6.2\libphonenumber-6.2.jar;C:\Users\ukhatsko\.m2\repository\com\github\fge\json-schema-core\1.2.5\json-schema-core-1.2.5.jar;C:\Users\ukhatsko\.m2\repository\com\github\fge\uri-template\0.9\uri-template-0.9.jar;C:\Users\ukhatsko\.m2\repository\com\github\fge\msg-simple\1.1\msg-simple-1.1.jar;C:\Users\ukhatsko\.m2\repository\com\github\fge\btf\1.2\btf-1.2.jar;C:\Users\ukhatsko\.m2\repository\com\github\fge\jackson-coreutils\1.8\jackson-coreutils-1.8.jar;C:\Users\ukhatsko\.m2\repository\org\mozilla\rhino\1.7R4\rhino-1.7R4.jar;C:\Users\ukhatsko\.m2\repository\javax\mail\mailapi\1.4.3\mailapi-1.4.3.jar;C:\Users\ukhatsko\.m2\repository\javax\activation\activation\1.1\activation-1.1.jar;C:\Users\ukhatsko\.m2\repository\net\sf\jopt-simple\jopt-simple\4.6\jopt-simple-4.6.jar;C:\Users\ukhatsko\.m2\repository\io\qameta\allure\allure-testng\2.8.1\allure-testng-2.8.1.jar;C:\Users\ukhatsko\.m2\repository\io\qameta\allure\allure-descriptions-javadoc\2.8.1\allure-descriptions-javadoc-2.8.1.jar;C:\Users\ukhatsko\.m2\repository\io\qameta\allure\allure-java-commons\2.8.1\allure-java-commons-2.8.1.jar;C:\Users\ukhatsko\.m2\repository\io\qameta\allure\allure-model\2.8.1\allure-model-2.8.1.jar;C:\Users\ukhatsko\.m2\repository\com\fasterxml\jackson\core\jackson-databind\2.9.7\jackson-databind-2.9.7.jar;C:\Users\ukhatsko\.m2\repository\com\fasterxml\jackson\core\jackson-annotations\2.9.0\jackson-annotations-2.9.0.jar;C:\Users\ukhatsko\.m2\repository\com\fasterxml\jackson\core\jackson-core\2.9.7\jackson-core-2.9.7.jar;C:\Users\ukhatsko\.m2\repository\org\apache\tika\tika-core\1.19.1\tika-core-1.19.1.jar;C:\Users\ukhatsko\.m2\repository\org\aspectj\aspectjrt\1.9.1\aspectjrt-1.9.1.jar;C:\Users\ukhatsko\.m2\repository\org\jooq\joor-java-8\0.9.9\joor-java-8-0.9.9.jar;C:\Users\ukhatsko\.m2\repository\com\google\guava\guava\23.0\guava-23.0.jar;C:\Users\ukhatsko\.m2\repository\com\google\code\findbugs\jsr305\1.3.9\jsr305-1.3.9.jar;C:\Users\ukhatsko\.m2\repository\com\google\errorprone\error_prone_annotations\2.0.18\error_prone_annotations-2.0.18.jar;C:\Users\ukhatsko\.m2\repository\com\google\j2objc\j2objc-annotations\1.1\j2objc-annotations-1.1.jar;C:\Users\ukhatsko\.m2\repository\org\codehaus\mojo\animal-sniffer-annotations\1.14\animal-sniffer-annotations-1.14.jar;C:\Users\ukhatsko\.m2\repository\javax\xml\bind\jaxb-api\2.3.0\jaxb-api-2.3.0.jar;C:\Users\ukhatsko\.m2\repository\org\awaitility\awaitility\3.1.6\awaitility-3.1.6.jar;C:\Users\ukhatsko\.m2\repository\org\objenesis\objenesis\2.6\objenesis-2.6.jar;C:\Users\ukhatsko\.m2\repository\io\vavr\vavr\0.9.2\vavr-0.9.2.jar;C:\Users\ukhatsko\.m2\repository\io\vavr\vavr-match\0.9.2\vavr-match-0.9.2.jar;C:\Users\ukhatsko\.m2\repository\ru\yandex\qatools\htmlelements\htmlelements-java\1.19\htmlelements-java-1.19.jar;C:\Users\ukhatsko\.m2\repository\org\apache\maven\surefire\surefire-testng-utils\2.21.0\surefire-testng-utils-2.21.0.jar;C:\Users\ukhatsko\.m2\repository\org\apache\maven\surefire\surefire-grouper\2.21.0\surefire-grouper-2.21.0.jar;"/>
    <property name="java.vm.vendor" value="Oracle Corporation"/>
    <property name="sun.arch.data.model" value="64"/>
    <property name="application.properties" value="/application.properties"/>
    <property name="user.variant" value=""/>
    <property name="java.vendor.url" value="http://java.oracle.com/"/>
    <property name="user.timezone" value=""/>
    <property name="java.vm.specification.version" value="1.8"/>
    <property name="os.name" value="Windows 10"/>
    <property name="sun.java.launcher" value="SUN_STANDARD"/>
    <property name="user.country" value="US"/>
    <property name="sun.boot.library.path" value="C:\Program Files\Java\jdk1.8.0_161\jre\bin"/>
    <property name="sun.java.command" value="C:\Users\ukhatsko\AppData\Local\Temp\surefire3418315017308681104\surefirebooter4370283246046288142.jar C:\Users\ukhatsko\AppData\Local\Temp\surefire3418315017308681104 2019-01-31T14-41-05_459-jvmRun1 surefire8892500304628137033tmp surefire_04727032404362281160tmp"/>
    <property name="surefire.test.class.path" value="C:\Users\ukhatsko\Desktop\Projects\onliner-car-sales\target\test-classes;C:\Users\ukhatsko\Desktop\Projects\onliner-car-sales\target\classes;C:\Users\ukhatsko\.m2\repository\org\testng\testng\6.14.2\testng-6.14.2.jar;C:\Users\ukhatsko\.m2\repository\com\beust\jcommander\1.72\jcommander-1.72.jar;C:\Users\ukhatsko\.m2\repository\org\apache-extras\beanshell\bsh\2.0b6\bsh-2.0b6.jar;C:\Users\ukhatsko\.m2\repository\ru\stqa\selenium\webdriver-factory\4.3\webdriver-factory-4.3.jar;C:\Users\ukhatsko\.m2\repository\org\hamcrest\java-hamcrest\2.0.0.0\java-hamcrest-2.0.0.0.jar;C:\Users\ukhatsko\.m2\repository\org\seleniumhq\selenium\selenium-java\3.10.0\selenium-java-3.10.0.jar;C:\Users\ukhatsko\.m2\repository\org\seleniumhq\selenium\selenium-api\3.10.0\selenium-api-3.10.0.jar;C:\Users\ukhatsko\.m2\repository\org\seleniumhq\selenium\selenium-chrome-driver\3.10.0\selenium-chrome-driver-3.10.0.jar;C:\Users\ukhatsko\.m2\repository\org\seleniumhq\selenium\selenium-edge-driver\3.10.0\selenium-edge-driver-3.10.0.jar;C:\Users\ukhatsko\.m2\repository\org\seleniumhq\selenium\selenium-firefox-driver\3.10.0\selenium-firefox-driver-3.10.0.jar;C:\Users\ukhatsko\.m2\repository\org\seleniumhq\selenium\selenium-ie-driver\3.10.0\selenium-ie-driver-3.10.0.jar;C:\Users\ukhatsko\.m2\repository\org\seleniumhq\selenium\selenium-opera-driver\3.10.0\selenium-opera-driver-3.10.0.jar;C:\Users\ukhatsko\.m2\repository\org\seleniumhq\selenium\selenium-remote-driver\3.10.0\selenium-remote-driver-3.10.0.jar;C:\Users\ukhatsko\.m2\repository\org\seleniumhq\selenium\selenium-safari-driver\3.10.0\selenium-safari-driver-3.10.0.jar;C:\Users\ukhatsko\.m2\repository\org\seleniumhq\selenium\selenium-support\3.10.0\selenium-support-3.10.0.jar;C:\Users\ukhatsko\.m2\repository\net\bytebuddy\byte-buddy\1.7.9\byte-buddy-1.7.9.jar;C:\Users\ukhatsko\.m2\repository\org\apache\commons\commons-exec\1.3\commons-exec-1.3.jar;C:\Users\ukhatsko\.m2\repository\commons-codec\commons-codec\1.10\commons-codec-1.10.jar;C:\Users\ukhatsko\.m2\repository\commons-logging\commons-logging\1.2\commons-logging-1.2.jar;C:\Users\ukhatsko\.m2\repository\com\google\code\gson\gson\2.8.2\gson-2.8.2.jar;C:\Users\ukhatsko\.m2\repository\org\apache\httpcomponents\httpclient\4.5.3\httpclient-4.5.3.jar;C:\Users\ukhatsko\.m2\repository\org\apache\httpcomponents\httpcore\4.4.6\httpcore-4.4.6.jar;C:\Users\ukhatsko\.m2\repository\com\squareup\okhttp3\okhttp\3.9.1\okhttp-3.9.1.jar;C:\Users\ukhatsko\.m2\repository\com\squareup\okio\okio\1.13.0\okio-1.13.0.jar;C:\Users\ukhatsko\.m2\repository\org\seleniumhq\selenium\htmlunit-driver\2.29.2\htmlunit-driver-2.29.2.jar;C:\Users\ukhatsko\.m2\repository\net\sourceforge\htmlunit\htmlunit\2.29\htmlunit-2.29.jar;C:\Users\ukhatsko\.m2\repository\xalan\xalan\2.7.2\xalan-2.7.2.jar;C:\Users\ukhatsko\.m2\repository\xalan\serializer\2.7.2\serializer-2.7.2.jar;C:\Users\ukhatsko\.m2\repository\org\apache\commons\commons-text\1.2\commons-text-1.2.jar;C:\Users\ukhatsko\.m2\repository\net\sourceforge\htmlunit\htmlunit-core-js\2.28\htmlunit-core-js-2.28.jar;C:\Users\ukhatsko\.m2\repository\net\sourceforge\htmlunit\neko-htmlunit\2.28\neko-htmlunit-2.28.jar;C:\Users\ukhatsko\.m2\repository\xerces\xercesImpl\2.11.0\xercesImpl-2.11.0.jar;C:\Users\ukhatsko\.m2\repository\xml-apis\xml-apis\1.4.01\xml-apis-1.4.01.jar;C:\Users\ukhatsko\.m2\repository\net\sourceforge\cssparser\cssparser\0.9.24\cssparser-0.9.24.jar;C:\Users\ukhatsko\.m2\repository\org\w3c\css\sac\1.3\sac-1.3.jar;C:\Users\ukhatsko\.m2\repository\commons-net\commons-net\3.6\commons-net-3.6.jar;C:\Users\ukhatsko\.m2\repository\org\eclipse\jetty\websocket\websocket-client\9.4.8.v20171121\websocket-client-9.4.8.v20171121.jar;C:\Users\ukhatsko\.m2\repository\org\eclipse\jetty\jetty-client\9.4.8.v20171121\jetty-client-9.4.8.v20171121.jar;C:\Users\ukhatsko\.m2\repository\org\eclipse\jetty\jetty-http\9.4.8.v20171121\jetty-http-9.4.8.v20171121.jar;C:\Users\ukhatsko\.m2\repository\org\eclipse\jetty\jetty-xml\9.4.8.v20171121\jetty-xml-9.4.8.v20171121.jar;C:\Users\ukhatsko\.m2\repository\org\eclipse\jetty\jetty-util\9.4.8.v20171121\jetty-util-9.4.8.v20171121.jar;C:\Users\ukhatsko\.m2\repository\org\eclipse\jetty\jetty-io\9.4.8.v20171121\jetty-io-9.4.8.v20171121.jar;C:\Users\ukhatsko\.m2\repository\org\eclipse\jetty\websocket\websocket-common\9.4.8.v20171121\websocket-common-9.4.8.v20171121.jar;C:\Users\ukhatsko\.m2\repository\org\eclipse\jetty\websocket\websocket-api\9.4.8.v20171121\websocket-api-9.4.8.v20171121.jar;C:\Users\ukhatsko\.m2\repository\com\codeborne\phantomjsdriver\1.4.4\phantomjsdriver-1.4.4.jar;C:\Users\ukhatsko\.m2\repository\io\github\bonigarcia\webdrivermanager\2.2.4\webdrivermanager-2.2.4.jar;C:\Users\ukhatsko\.m2\repository\commons-io\commons-io\2.6\commons-io-2.6.jar;C:\Users\ukhatsko\.m2\repository\org\apache\commons\commons-lang3\3.7\commons-lang3-3.7.jar;C:\Users\ukhatsko\.m2\repository\org\rauschig\jarchivelib\0.8.0\jarchivelib-0.8.0.jar;C:\Users\ukhatsko\.m2\repository\org\apache\commons\commons-compress\1.14\commons-compress-1.14.jar;C:\Users\ukhatsko\.m2\repository\org\jsoup\jsoup\1.11.3\jsoup-1.11.3.jar;C:\Users\ukhatsko\.m2\repository\org\slf4j\slf4j-api\1.8.0-beta0\slf4j-api-1.8.0-beta0.jar;C:\Users\ukhatsko\.m2\repository\org\slf4j\slf4j-log4j12\1.8.0-beta0\slf4j-log4j12-1.8.0-beta0.jar;C:\Users\ukhatsko\.m2\repository\log4j\log4j\1.2.17\log4j-1.2.17.jar;C:\Users\ukhatsko\.m2\repository\com\jayway\restassured\rest-assured\2.9.0\rest-assured-2.9.0.jar;C:\Users\ukhatsko\.m2\repository\org\codehaus\groovy\groovy\2.4.4\groovy-2.4.4.jar;C:\Users\ukhatsko\.m2\repository\org\codehaus\groovy\groovy-xml\2.4.4\groovy-xml-2.4.4.jar;C:\Users\ukhatsko\.m2\repository\org\apache\httpcomponents\httpmime\4.5.1\httpmime-4.5.1.jar;C:\Users\ukhatsko\.m2\repository\org\hamcrest\hamcrest-core\1.3\hamcrest-core-1.3.jar;C:\Users\ukhatsko\.m2\repository\org\ccil\cowan\tagsoup\tagsoup\1.2.1\tagsoup-1.2.1.jar;C:\Users\ukhatsko\.m2\repository\com\jayway\restassured\json-path\2.9.0\json-path-2.9.0.jar;C:\Users\ukhatsko\.m2\repository\org\codehaus\groovy\groovy-json\2.4.4\groovy-json-2.4.4.jar;C:\Users\ukhatsko\.m2\repository\com\jayway\restassured\rest-assured-common\2.9.0\rest-assured-common-2.9.0.jar;C:\Users\ukhatsko\.m2\repository\com\jayway\restassured\xml-path\2.9.0\xml-path-2.9.0.jar;C:\Users\ukhatsko\.m2\repository\org\hamcrest\hamcrest-library\1.3\hamcrest-library-1.3.jar;C:\Users\ukhatsko\.m2\repository\io\rest-assured\json-schema-validator\3.2.0\json-schema-validator-3.2.0.jar;C:\Users\ukhatsko\.m2\repository\com\github\fge\json-schema-validator\2.2.6\json-schema-validator-2.2.6.jar;C:\Users\ukhatsko\.m2\repository\joda-time\joda-time\2.3\joda-time-2.3.jar;C:\Users\ukhatsko\.m2\repository\com\googlecode\libphonenumber\libphonenumber\6.2\libphonenumber-6.2.jar;C:\Users\ukhatsko\.m2\repository\com\github\fge\json-schema-core\1.2.5\json-schema-core-1.2.5.jar;C:\Users\ukhatsko\.m2\repository\com\github\fge\uri-template\0.9\uri-template-0.9.jar;C:\Users\ukhatsko\.m2\repository\com\github\fge\msg-simple\1.1\msg-simple-1.1.jar;C:\Users\ukhatsko\.m2\repository\com\github\fge\btf\1.2\btf-1.2.jar;C:\Users\ukhatsko\.m2\repository\com\github\fge\jackson-coreutils\1.8\jackson-coreutils-1.8.jar;C:\Users\ukhatsko\.m2\repository\org\mozilla\rhino\1.7R4\rhino-1.7R4.jar;C:\Users\ukhatsko\.m2\repository\javax\mail\mailapi\1.4.3\mailapi-1.4.3.jar;C:\Users\ukhatsko\.m2\repository\javax\activation\activation\1.1\activation-1.1.jar;C:\Users\ukhatsko\.m2\repository\net\sf\jopt-simple\jopt-simple\4.6\jopt-simple-4.6.jar;C:\Users\ukhatsko\.m2\repository\io\qameta\allure\allure-testng\2.8.1\allure-testng-2.8.1.jar;C:\Users\ukhatsko\.m2\repository\io\qameta\allure\allure-descriptions-javadoc\2.8.1\allure-descriptions-javadoc-2.8.1.jar;C:\Users\ukhatsko\.m2\repository\io\qameta\allure\allure-java-commons\2.8.1\allure-java-commons-2.8.1.jar;C:\Users\ukhatsko\.m2\repository\io\qameta\allure\allure-model\2.8.1\allure-model-2.8.1.jar;C:\Users\ukhatsko\.m2\repository\com\fasterxml\jackson\core\jackson-databind\2.9.7\jackson-databind-2.9.7.jar;C:\Users\ukhatsko\.m2\repository\com\fasterxml\jackson\core\jackson-annotations\2.9.0\jackson-annotations-2.9.0.jar;C:\Users\ukhatsko\.m2\repository\com\fasterxml\jackson\core\jackson-core\2.9.7\jackson-core-2.9.7.jar;C:\Users\ukhatsko\.m2\repository\org\apache\tika\tika-core\1.19.1\tika-core-1.19.1.jar;C:\Users\ukhatsko\.m2\repository\org\aspectj\aspectjrt\1.9.1\aspectjrt-1.9.1.jar;C:\Users\ukhatsko\.m2\repository\org\jooq\joor-java-8\0.9.9\joor-java-8-0.9.9.jar;C:\Users\ukhatsko\.m2\repository\com\google\guava\guava\23.0\guava-23.0.jar;C:\Users\ukhatsko\.m2\repository\com\google\code\findbugs\jsr305\1.3.9\jsr305-1.3.9.jar;C:\Users\ukhatsko\.m2\repository\com\google\errorprone\error_prone_annotations\2.0.18\error_prone_annotations-2.0.18.jar;C:\Users\ukhatsko\.m2\repository\com\google\j2objc\j2objc-annotations\1.1\j2objc-annotations-1.1.jar;C:\Users\ukhatsko\.m2\repository\org\codehaus\mojo\animal-sniffer-annotations\1.14\animal-sniffer-annotations-1.14.jar;C:\Users\ukhatsko\.m2\repository\javax\xml\bind\jaxb-api\2.3.0\jaxb-api-2.3.0.jar;C:\Users\ukhatsko\.m2\repository\org\awaitility\awaitility\3.1.6\awaitility-3.1.6.jar;C:\Users\ukhatsko\.m2\repository\org\objenesis\objenesis\2.6\objenesis-2.6.jar;C:\Users\ukhatsko\.m2\repository\io\vavr\vavr\0.9.2\vavr-0.9.2.jar;C:\Users\ukhatsko\.m2\repository\io\vavr\vavr-match\0.9.2\vavr-match-0.9.2.jar;C:\Users\ukhatsko\.m2\repository\ru\yandex\qatools\htmlelements\htmlelements-java\1.19\htmlelements-java-1.19.jar;C:\Users\ukhatsko\.m2\repository\org\apache\maven\surefire\surefire-testng-utils\2.21.0\surefire-testng-utils-2.21.0.jar;C:\Users\ukhatsko\.m2\repository\org\apache\maven\surefire\surefire-grouper\2.21.0\surefire-grouper-2.21.0.jar;"/>
    <property name="allure.results.directory" value="C:\Users\ukhatsko\Desktop\Projects\onliner-car-sales/target/allure-results"/>
    <property name="sun.cpu.endian" value="little"/>
    <property name="user.home" value="C:\Users\ukhatsko"/>
    <property name="user.language" value="en"/>
    <property name="java.specification.vendor" value="Oracle Corporation"/>
    <property name="java.home" value="C:\Program Files\Java\jdk1.8.0_161\jre"/>
    <property name="basedir" value="C:\Users\ukhatsko\Desktop\Projects\onliner-car-sales"/>
    <property name="file.separator" value="\"/>
    <property name="line.separator" value="&#10;"/>
    <property name="java.vm.specification.vendor" value="Oracle Corporation"/>
    <property name="java.specification.name" value="Java Platform API Specification"/>
    <property name="java.awt.graphicsenv" value="sun.awt.Win32GraphicsEnvironment"/>
    <property name="surefire.real.class.path" value="C:\Users\ukhatsko\AppData\Local\Temp\surefire3418315017308681104\surefirebooter4370283246046288142.jar;C:\Users\ukhatsko\.m2\repository/org/aspectj/aspectjweaver/1.8.10/aspectjweaver-1.8.10.jar"/>
    <property name="sun.boot.class.path" value="C:\Program Files\Java\jdk1.8.0_161\jre\lib\resources.jar;C:\Program Files\Java\jdk1.8.0_161\jre\lib\rt.jar;C:\Program Files\Java\jdk1.8.0_161\jre\lib\sunrsasign.jar;C:\Program Files\Java\jdk1.8.0_161\jre\lib\jsse.jar;C:\Program Files\Java\jdk1.8.0_161\jre\lib\jce.jar;C:\Program Files\Java\jdk1.8.0_161\jre\lib\charsets.jar;C:\Program Files\Java\jdk1.8.0_161\jre\lib\jfr.jar;C:\Program Files\Java\jdk1.8.0_161\jre\classes"/>
    <property name="user.script" value=""/>
    <property name="sun.management.compiler" value="HotSpot 64-Bit Tiered Compilers"/>
    <property name="java.runtime.version" value="1.8.0_161-b12"/>
    <property name="user.name" value="ukhatsko"/>
    <property name="path.separator" value=";"/>
    <property name="os.version" value="10.0"/>
    <property name="java.endorsed.dirs" value="C:\Program Files\Java\jdk1.8.0_161\jre\lib\endorsed"/>
    <property name="java.runtime.name" value="Java(TM) SE Runtime Environment"/>
    <property name="file.encoding" value="Cp1251"/>
    <property name="java.vm.name" value="Java HotSpot(TM) 64-Bit Server VM"/>
    <property name="suiteXmlFiles" value="src/test/resources/smoke.xml"/>
    <property name="localRepository" value="C:\Users\ukhatsko\.m2\repository"/>
    <property name="java.vendor.url.bug" value="http://bugreport.sun.com/bugreport/"/>
    <property name="java.io.tmpdir" value="C:\Users\ukhatsko\AppData\Local\Temp\"/>
    <property name="java.version" value="1.8.0_161"/>
    <property name="user.dir" value="C:\Users\ukhatsko\Desktop\Projects\onliner-car-sales"/>
    <property name="os.arch" value="amd64"/>
    <property name="java.vm.specification.name" value="Java Virtual Machine Specification"/>
    <property name="java.awt.printerjob" value="sun.awt.windows.WPrinterJob"/>
    <property name="sun.os.patch.level" value=""/>
    <property name="java.library.path" value="C:\Program Files\Java\jdk1.8.0_161\jre\bin;C:\WINDOWS\Sun\Java\bin;C:\WINDOWS\system32;C:\WINDOWS;C:\Users\ukhatsko\.jenkins\tools\hudson.tasks.Maven_MavenInstallation\maven/bin;C:\Program Files\Java\jdk1.8.0_161/bin;C:\Program Files\Java\jdk1.8.0_161/bin;C:\ProgramData\Oracle\Java\javapath;C:\Windows\system32;C:\Windows;C:\Windows\System32\Wbem;C:\Windows\System32\WindowsPowerShell\v1.0\;C:\Program Files\OpenVPN\bin;C:\Program Files\TortoiseSVN\bin;C:\Program Files (x86)\NVIDIA Corporation\PhysX\Common;C:\WINDOWS\system32;C:\WINDOWS;C:\WINDOWS\System32\Wbem;C:\WINDOWS\System32\WindowsPowerShell\v1.0\;C:\gradle-4.8.1\bin;%JAVA_HOME%\bin;C:\Program Files\Git\cmd;C:\Program Files\PuTTY\;C:\WINDOWS\System32\OpenSSH\;C:\Users\ukhatsko\AppData\Local\Microsoft\WindowsApps;C:\Program Files\Java\jdk1.8.0_161\bin;C:\gradle-4.8.1\bin;;."/>
    <property name="java.vm.info" value="mixed mode"/>
    <property name="java.vendor" value="Oracle Corporation"/>
    <property name="java.vm.version" value="25.161-b12"/>
    <property name="java.ext.dirs" value="C:\Program Files\Java\jdk1.8.0_161\jre\lib\ext;C:\WINDOWS\Sun\Java\lib\ext"/>
    <property name="sun.io.unicode.encoding" value="UnicodeLittle"/>
    <property name="java.class.version" value="52.0"/>
  </properties>
  <testcase name="testComparePreviewAndOpenedAnnouncementData" classname="com.onlinerautomation.test.CarAnnouncementTest" time="27.561"/>
  <testcase name="testVerifyPageElements" classname="com.onlinerautomation.test.CarAnnouncementTest" time="7.134"/>
  <testcase name="testFilterByCarBodyTypes" classname="com.onlinerautomation.test.CarMarketTest" time="2.096">
    <failure message="-1" type="java.lang.ArrayIndexOutOfBoundsException">java.lang.ArrayIndexOutOfBoundsException: -1
	at com.onlinerautomation.test.CarMarketTest.testFilterByCarBodyTypes(CarMarketTest.java:27)
</failure>
    <system-out><![CDATA[2019-01-31 14:42:11 CarAnnouncementTest:57 - Close WebDriver
2019-01-31 14:42:12 CarMarketTest:44 - Initialize test class
2019-01-31 14:42:12 CarMarketTest:49 - Method name: testFilterByCarBodyTypes
2019-01-31 14:42:12 CarMarketTest:63 - Web driver was initialized
2019-01-31 14:42:20 HomePage:47 - Click on car market button
2019-01-31 14:42:25 AutoMarketPage:63 - Verify cars annoumcement list
2019-01-31 14:42:26 NamingUtils:47 - Could not process empty pattern
2019-01-31 14:42:26 AutoMarketPage:71 - Select [РЎРµРґР°РЅ] car in car filter
]]></system-out>
    <system-err><![CDATA[Starting ChromeDriver 72.0.3626.69 (3c16f8a135abc0d4da2dff33804db79b849a7c38) on port 11858
Only local connections are allowed.
Please protect ports used by ChromeDriver and related test frameworks to prevent access by malicious code.
Jan 31, 2019 2:42:15 PM org.openqa.selenium.remote.ProtocolHandshake createSession
INFO: Detected dialect: OSS
]]></system-err>
  </testcase>
  <testcase name="testFilterByCarBodyTypes" classname="com.onlinerautomation.test.CarMarketTest" time="1.95">
    <failure type="java.lang.ArrayIndexOutOfBoundsException">java.lang.ArrayIndexOutOfBoundsException
</failure>
    <system-out><![CDATA[2019-01-31 14:42:27 CarMarketTest:57 - Close WebDriver
2019-01-31 14:42:28 CarMarketTest:49 - Method name: testFilterByCarBodyTypes
2019-01-31 14:42:28 CarMarketTest:63 - Web driver was initialized
2019-01-31 14:42:35 HomePage:47 - Click on car market button
2019-01-31 14:42:37 AutoMarketPage:63 - Verify cars annoumcement list
2019-01-31 14:42:38 NamingUtils:47 - Could not process empty pattern
2019-01-31 14:42:38 AutoMarketPage:71 - Select [РЈРЅРёРІРµСЂСЃР°Р»] car in car filter
]]></system-out>
    <system-err><![CDATA[Starting ChromeDriver 72.0.3626.69 (3c16f8a135abc0d4da2dff33804db79b849a7c38) on port 29465
Only local connections are allowed.
Please protect ports used by ChromeDriver and related test frameworks to prevent access by malicious code.
Jan 31, 2019 2:42:30 PM org.openqa.selenium.remote.ProtocolHandshake createSession
INFO: Detected dialect: OSS
]]></system-err>
  </testcase>
  <testcase name="testFilterByCarBodyTypes" classname="com.onlinerautomation.test.CarMarketTest" time="2.195">
    <failure type="java.lang.ArrayIndexOutOfBoundsException">java.lang.ArrayIndexOutOfBoundsException
</failure>
    <system-out><![CDATA[2019-01-31 14:42:39 CarMarketTest:57 - Close WebDriver
2019-01-31 14:42:40 CarMarketTest:49 - Method name: testFilterByCarBodyTypes
2019-01-31 14:42:40 CarMarketTest:63 - Web driver was initialized
2019-01-31 14:42:47 HomePage:47 - Click on car market button
2019-01-31 14:42:50 AutoMarketPage:63 - Verify cars annoumcement list
2019-01-31 14:42:51 NamingUtils:47 - Could not process empty pattern
2019-01-31 14:42:51 AutoMarketPage:71 - Select [РҐРµС‚С‡Р±СЌРє] car in car filter
]]></system-out>
    <system-err><![CDATA[Starting ChromeDriver 72.0.3626.69 (3c16f8a135abc0d4da2dff33804db79b849a7c38) on port 4057
Only local connections are allowed.
Please protect ports used by ChromeDriver and related test frameworks to prevent access by malicious code.
Jan 31, 2019 2:42:43 PM org.openqa.selenium.remote.ProtocolHandshake createSession
INFO: Detected dialect: OSS
]]></system-err>
  </testcase>
  <testcase name="testFilterByCarBodyTypes" classname="com.onlinerautomation.test.CarMarketTest" time="1.959">
    <failure type="java.lang.ArrayIndexOutOfBoundsException">java.lang.ArrayIndexOutOfBoundsException
</failure>
    <system-out><![CDATA[2019-01-31 14:42:52 CarMarketTest:57 - Close WebDriver
2019-01-31 14:42:53 CarMarketTest:49 - Method name: testFilterByCarBodyTypes
2019-01-31 14:42:53 CarMarketTest:63 - Web driver was initialized
2019-01-31 14:43:00 HomePage:47 - Click on car market button
2019-01-31 14:43:02 AutoMarketPage:63 - Verify cars annoumcement list
2019-01-31 14:43:03 NamingUtils:47 - Could not process empty pattern
2019-01-31 14:43:03 AutoMarketPage:71 - Select [РњРёРЅРёРІСЌРЅ] car in car filter
]]></system-out>
    <system-err><![CDATA[Starting ChromeDriver 72.0.3626.69 (3c16f8a135abc0d4da2dff33804db79b849a7c38) on port 2591
Only local connections are allowed.
Please protect ports used by ChromeDriver and related test frameworks to prevent access by malicious code.
Jan 31, 2019 2:42:55 PM org.openqa.selenium.remote.ProtocolHandshake createSession
INFO: Detected dialect: OSS
]]></system-err>
  </testcase>
  <testcase name="testFilterByCarBodyTypes" classname="com.onlinerautomation.test.CarMarketTest" time="2.495">
    <failure type="java.lang.ArrayIndexOutOfBoundsException">java.lang.ArrayIndexOutOfBoundsException
</failure>
    <system-out><![CDATA[2019-01-31 14:43:04 CarMarketTest:57 - Close WebDriver
2019-01-31 14:43:05 CarMarketTest:49 - Method name: testFilterByCarBodyTypes
2019-01-31 14:43:05 CarMarketTest:63 - Web driver was initialized
2019-01-31 14:43:12 HomePage:47 - Click on car market button
2019-01-31 14:43:13 AutoMarketPage:63 - Verify cars annoumcement list
2019-01-31 14:43:14 NamingUtils:47 - Could not process empty pattern
2019-01-31 14:43:14 AutoMarketPage:71 - Select [Р’РЅРµРґРѕСЂРѕР¶РЅРёРє] car in car filter
]]></system-out>
    <system-err><![CDATA[Starting ChromeDriver 72.0.3626.69 (3c16f8a135abc0d4da2dff33804db79b849a7c38) on port 22954
Only local connections are allowed.
Please protect ports used by ChromeDriver and related test frameworks to prevent access by malicious code.
Jan 31, 2019 2:43:07 PM org.openqa.selenium.remote.ProtocolHandshake createSession
INFO: Detected dialect: OSS
]]></system-err>
  </testcase>
  <testcase name="testFilterByCarBodyTypes" classname="com.onlinerautomation.test.CarMarketTest" time="2.055">
    <failure type="java.lang.ArrayIndexOutOfBoundsException">java.lang.ArrayIndexOutOfBoundsException
</failure>
    <system-out><![CDATA[2019-01-31 14:43:16 CarMarketTest:57 - Close WebDriver
2019-01-31 14:43:17 CarMarketTest:49 - Method name: testFilterByCarBodyTypes
2019-01-31 14:43:17 CarMarketTest:63 - Web driver was initialized
2019-01-31 14:43:24 HomePage:47 - Click on car market button
2019-01-31 14:43:28 AutoMarketPage:63 - Verify cars annoumcement list
2019-01-31 14:43:29 NamingUtils:47 - Could not process empty pattern
2019-01-31 14:43:29 AutoMarketPage:71 - Select [РљСѓРїРµ] car in car filter
]]></system-out>
    <system-err><![CDATA[Starting ChromeDriver 72.0.3626.69 (3c16f8a135abc0d4da2dff33804db79b849a7c38) on port 11807
Only local connections are allowed.
Please protect ports used by ChromeDriver and related test frameworks to prevent access by malicious code.
Jan 31, 2019 2:43:19 PM org.openqa.selenium.remote.ProtocolHandshake createSession
INFO: Detected dialect: OSS
]]></system-err>
  </testcase>
  <testcase name="testFilterByCarBodyTypes" classname="com.onlinerautomation.test.CarMarketTest" time="2.41">
    <failure type="java.lang.ArrayIndexOutOfBoundsException">java.lang.ArrayIndexOutOfBoundsException
</failure>
    <system-out><![CDATA[2019-01-31 14:43:30 CarMarketTest:57 - Close WebDriver
2019-01-31 14:43:31 CarMarketTest:49 - Method name: testFilterByCarBodyTypes
2019-01-31 14:43:31 CarMarketTest:63 - Web driver was initialized
2019-01-31 14:43:38 HomePage:47 - Click on car market button
2019-01-31 14:43:39 AutoMarketPage:63 - Verify cars annoumcement list
2019-01-31 14:43:41 NamingUtils:47 - Could not process empty pattern
2019-01-31 14:43:41 AutoMarketPage:71 - Select [РљР°Р±СЂРёРѕР»РµС‚] car in car filter
]]></system-out>
    <system-err><![CDATA[Starting ChromeDriver 72.0.3626.69 (3c16f8a135abc0d4da2dff33804db79b849a7c38) on port 31570
Only local connections are allowed.
Please protect ports used by ChromeDriver and related test frameworks to prevent access by malicious code.
Jan 31, 2019 2:43:33 PM org.openqa.selenium.remote.ProtocolHandshake createSession
INFO: Detected dialect: OSS
]]></system-err>
  </testcase>
  <testcase name="testFilterByCarBodyTypes" classname="com.onlinerautomation.test.CarMarketTest" time="2.329">
    <failure type="java.lang.ArrayIndexOutOfBoundsException">java.lang.ArrayIndexOutOfBoundsException
</failure>
    <system-out><![CDATA[2019-01-31 14:43:42 CarMarketTest:57 - Close WebDriver
2019-01-31 14:43:43 CarMarketTest:49 - Method name: testFilterByCarBodyTypes
2019-01-31 14:43:43 CarMarketTest:63 - Web driver was initialized
2019-01-31 14:43:50 HomePage:47 - Click on car market button
2019-01-31 14:43:53 AutoMarketPage:63 - Verify cars annoumcement list
2019-01-31 14:43:54 NamingUtils:47 - Could not process empty pattern
2019-01-31 14:43:54 AutoMarketPage:71 - Select [РњРёРєСЂРѕР°РІС‚РѕР±СѓСЃ] car in car filter
]]></system-out>
    <system-err><![CDATA[Starting ChromeDriver 72.0.3626.69 (3c16f8a135abc0d4da2dff33804db79b849a7c38) on port 30984
Only local connections are allowed.
Please protect ports used by ChromeDriver and related test frameworks to prevent access by malicious code.
Jan 31, 2019 2:43:45 PM org.openqa.selenium.remote.ProtocolHandshake createSession
INFO: Detected dialect: OSS
]]></system-err>
  </testcase>
  <testcase name="testFilterByCarBodyTypes" classname="com.onlinerautomation.test.CarMarketTest" time="2.83">
    <failure type="java.lang.ArrayIndexOutOfBoundsException">java.lang.ArrayIndexOutOfBoundsException
</failure>
    <system-out><![CDATA[2019-01-31 14:43:55 CarMarketTest:57 - Close WebDriver
2019-01-31 14:43:56 CarMarketTest:49 - Method name: testFilterByCarBodyTypes
2019-01-31 14:43:56 CarMarketTest:63 - Web driver was initialized
2019-01-31 14:44:03 HomePage:47 - Click on car market button
2019-01-31 14:44:05 AutoMarketPage:63 - Verify cars annoumcement list
2019-01-31 14:44:07 NamingUtils:47 - Could not process empty pattern
2019-01-31 14:44:07 AutoMarketPage:71 - Select [РџРёРєР°Рї] car in car filter
]]></system-out>
    <system-err><![CDATA[Starting ChromeDriver 72.0.3626.69 (3c16f8a135abc0d4da2dff33804db79b849a7c38) on port 7537
Only local connections are allowed.
Please protect ports used by ChromeDriver and related test frameworks to prevent access by malicious code.
Jan 31, 2019 2:43:58 PM org.openqa.selenium.remote.ProtocolHandshake createSession
INFO: Detected dialect: OSS
]]></system-err>
  </testcase>
  <testcase name="testFilterByCarBodyTypes" classname="com.onlinerautomation.test.CarMarketTest" time="2.533">
    <failure type="java.lang.ArrayIndexOutOfBoundsException">java.lang.ArrayIndexOutOfBoundsException
</failure>
    <system-out><![CDATA[2019-01-31 14:44:08 CarMarketTest:57 - Close WebDriver
2019-01-31 14:44:09 CarMarketTest:49 - Method name: testFilterByCarBodyTypes
2019-01-31 14:44:09 CarMarketTest:63 - Web driver was initialized
2019-01-31 14:44:16 HomePage:47 - Click on car market button
2019-01-31 14:44:19 AutoMarketPage:63 - Verify cars annoumcement list
2019-01-31 14:44:20 NamingUtils:47 - Could not process empty pattern
2019-01-31 14:44:20 AutoMarketPage:71 - Select [Р¤СѓСЂРіРѕРЅ] car in car filter
]]></system-out>
    <system-err><![CDATA[Starting ChromeDriver 72.0.3626.69 (3c16f8a135abc0d4da2dff33804db79b849a7c38) on port 25714
Only local connections are allowed.
Please protect ports used by ChromeDriver and related test frameworks to prevent access by malicious code.
Jan 31, 2019 2:44:11 PM org.openqa.selenium.remote.ProtocolHandshake createSession
INFO: Detected dialect: OSS
]]></system-err>
  </testcase>
  <testcase name="testFilterByCarEngineType" classname="com.onlinerautomation.test.CarMarketTest" time="2.057">
    <failure type="java.lang.ArrayIndexOutOfBoundsException">java.lang.ArrayIndexOutOfBoundsException
</failure>
    <system-out><![CDATA[2019-01-31 14:44:21 CarMarketTest:57 - Close WebDriver
2019-01-31 14:44:23 CarMarketTest:49 - Method name: testFilterByCarEngineType
2019-01-31 14:44:23 CarMarketTest:63 - Web driver was initialized
2019-01-31 14:44:30 HomePage:47 - Click on car market button
2019-01-31 14:44:33 AutoMarketPage:63 - Verify cars annoumcement list
2019-01-31 14:44:34 NamingUtils:47 - Could not process empty pattern
2019-01-31 14:44:34 AutoMarketPage:71 - Select [Р‘РµРЅР·РёРЅ] car in car filter
]]></system-out>
    <system-err><![CDATA[Starting ChromeDriver 72.0.3626.69 (3c16f8a135abc0d4da2dff33804db79b849a7c38) on port 31888
Only local connections are allowed.
Please protect ports used by ChromeDriver and related test frameworks to prevent access by malicious code.
Jan 31, 2019 2:44:25 PM org.openqa.selenium.remote.ProtocolHandshake createSession
INFO: Detected dialect: OSS
]]></system-err>
  </testcase>
  <testcase name="testFilterByCarEngineType" classname="com.onlinerautomation.test.CarMarketTest" time="2.635">
    <failure type="java.lang.ArrayIndexOutOfBoundsException">java.lang.ArrayIndexOutOfBoundsException
</failure>
    <system-out><![CDATA[2019-01-31 14:44:35 CarMarketTest:57 - Close WebDriver
2019-01-31 14:44:36 CarMarketTest:49 - Method name: testFilterByCarEngineType
2019-01-31 14:44:36 CarMarketTest:63 - Web driver was initialized
2019-01-31 14:44:42 HomePage:47 - Click on car market button
2019-01-31 14:44:44 AutoMarketPage:63 - Verify cars annoumcement list
2019-01-31 14:44:45 NamingUtils:47 - Could not process empty pattern
2019-01-31 14:44:45 AutoMarketPage:71 - Select [Р”РёР·РµР»СЊ] car in car filter
]]></system-out>
    <system-err><![CDATA[Starting ChromeDriver 72.0.3626.69 (3c16f8a135abc0d4da2dff33804db79b849a7c38) on port 26318
Only local connections are allowed.
Please protect ports used by ChromeDriver and related test frameworks to prevent access by malicious code.
Jan 31, 2019 2:44:38 PM org.openqa.selenium.remote.ProtocolHandshake createSession
INFO: Detected dialect: OSS
]]></system-err>
  </testcase>
  <testcase name="testFilterByCarEngineType" classname="com.onlinerautomation.test.CarMarketTest" time="2.5">
    <failure type="java.lang.ArrayIndexOutOfBoundsException">java.lang.ArrayIndexOutOfBoundsException
</failure>
    <system-out><![CDATA[2019-01-31 14:44:47 CarMarketTest:57 - Close WebDriver
2019-01-31 14:44:47 CarMarketTest:49 - Method name: testFilterByCarEngineType
2019-01-31 14:44:47 CarMarketTest:63 - Web driver was initialized
2019-01-31 14:44:54 HomePage:47 - Click on car market button
2019-01-31 14:44:56 AutoMarketPage:63 - Verify cars annoumcement list
2019-01-31 14:44:58 NamingUtils:47 - Could not process empty pattern
2019-01-31 14:44:58 AutoMarketPage:71 - Select [Р“Р°Р· (Р±РµРЅР·РёРЅ)] car in car filter
]]></system-out>
    <system-err><![CDATA[Starting ChromeDriver 72.0.3626.69 (3c16f8a135abc0d4da2dff33804db79b849a7c38) on port 30650
Only local connections are allowed.
Please protect ports used by ChromeDriver and related test frameworks to prevent access by malicious code.
Jan 31, 2019 2:44:50 PM org.openqa.selenium.remote.ProtocolHandshake createSession
INFO: Detected dialect: OSS
]]></system-err>
  </testcase>
  <testcase name="testFilterByCarEngineType" classname="com.onlinerautomation.test.CarMarketTest" time="2.017">
    <failure type="java.lang.ArrayIndexOutOfBoundsException">java.lang.ArrayIndexOutOfBoundsException
</failure>
    <system-out><![CDATA[2019-01-31 14:44:59 CarMarketTest:57 - Close WebDriver
2019-01-31 14:45:00 CarMarketTest:49 - Method name: testFilterByCarEngineType
2019-01-31 14:45:00 CarMarketTest:63 - Web driver was initialized
2019-01-31 14:45:07 HomePage:47 - Click on car market button
2019-01-31 14:45:11 AutoMarketPage:63 - Verify cars annoumcement list
2019-01-31 14:45:12 NamingUtils:47 - Could not process empty pattern
2019-01-31 14:45:12 AutoMarketPage:71 - Select [Р“РёР±СЂРёРґ (Р±РµРЅР·РёРЅ)] car in car filter
]]></system-out>
    <system-err><![CDATA[Starting ChromeDriver 72.0.3626.69 (3c16f8a135abc0d4da2dff33804db79b849a7c38) on port 1234
Only local connections are allowed.
Please protect ports used by ChromeDriver and related test frameworks to prevent access by malicious code.
Jan 31, 2019 2:45:02 PM org.openqa.selenium.remote.ProtocolHandshake createSession
INFO: Detected dialect: OSS
]]></system-err>
  </testcase>
  <testcase name="testFilterByCarEngineType" classname="com.onlinerautomation.test.CarMarketTest" time="2.186">
    <failure type="java.lang.ArrayIndexOutOfBoundsException">java.lang.ArrayIndexOutOfBoundsException
</failure>
    <system-out><![CDATA[2019-01-31 14:45:13 CarMarketTest:57 - Close WebDriver
2019-01-31 14:45:14 CarMarketTest:49 - Method name: testFilterByCarEngineType
2019-01-31 14:45:14 CarMarketTest:63 - Web driver was initialized
2019-01-31 14:45:21 HomePage:47 - Click on car market button
2019-01-31 14:45:23 AutoMarketPage:63 - Verify cars annoumcement list
2019-01-31 14:45:25 NamingUtils:47 - Could not process empty pattern
2019-01-31 14:45:25 AutoMarketPage:71 - Select [Р­Р»РµРєС‚СЂРѕРјРѕР±РёР»СЊ] car in car filter
]]></system-out>
    <system-err><![CDATA[Starting ChromeDriver 72.0.3626.69 (3c16f8a135abc0d4da2dff33804db79b849a7c38) on port 27156
Only local connections are allowed.
Please protect ports used by ChromeDriver and related test frameworks to prevent access by malicious code.
Jan 31, 2019 2:45:16 PM org.openqa.selenium.remote.ProtocolHandshake createSession
INFO: Detected dialect: OSS
]]></system-err>
  </testcase>
  <testcase name="testFilterByCarTransmissionType" classname="com.onlinerautomation.test.CarMarketTest" time="2.056">
    <failure type="java.lang.ArrayIndexOutOfBoundsException">java.lang.ArrayIndexOutOfBoundsException
</failure>
    <system-out><![CDATA[2019-01-31 14:45:25 CarMarketTest:57 - Close WebDriver
2019-01-31 14:45:26 CarMarketTest:49 - Method name: testFilterByCarTransmissionType
2019-01-31 14:45:26 CarMarketTest:63 - Web driver was initialized
2019-01-31 14:45:33 HomePage:47 - Click on car market button
2019-01-31 14:45:36 AutoMarketPage:63 - Verify cars annoumcement list
2019-01-31 14:45:37 NamingUtils:47 - Could not process empty pattern
2019-01-31 14:45:37 AutoMarketPage:71 - Select [РђРІС‚РѕРјР°С‚РёС‡РµСЃРєР°СЏ] car in car filter
]]></system-out>
    <system-err><![CDATA[Starting ChromeDriver 72.0.3626.69 (3c16f8a135abc0d4da2dff33804db79b849a7c38) on port 43581
Only local connections are allowed.
Please protect ports used by ChromeDriver and related test frameworks to prevent access by malicious code.
Jan 31, 2019 2:45:29 PM org.openqa.selenium.remote.ProtocolHandshake createSession
INFO: Detected dialect: OSS
]]></system-err>
  </testcase>
  <testcase name="testFilterByCarTransmissionType" classname="com.onlinerautomation.test.CarMarketTest" time="2.574">
    <failure type="java.lang.ArrayIndexOutOfBoundsException">java.lang.ArrayIndexOutOfBoundsException
</failure>
    <system-out><![CDATA[2019-01-31 14:45:38 CarMarketTest:57 - Close WebDriver
2019-01-31 14:45:39 CarMarketTest:49 - Method name: testFilterByCarTransmissionType
2019-01-31 14:45:39 CarMarketTest:63 - Web driver was initialized
2019-01-31 14:45:46 HomePage:47 - Click on car market button
2019-01-31 14:45:47 AutoMarketPage:63 - Verify cars annoumcement list
2019-01-31 14:45:48 NamingUtils:47 - Could not process empty pattern
2019-01-31 14:45:49 AutoMarketPage:71 - Select [РњРµС…Р°РЅРёС‡РµСЃРєР°СЏ] car in car filter
]]></system-out>
    <system-err><![CDATA[Starting ChromeDriver 72.0.3626.69 (3c16f8a135abc0d4da2dff33804db79b849a7c38) on port 31387
Only local connections are allowed.
Please protect ports used by ChromeDriver and related test frameworks to prevent access by malicious code.
Jan 31, 2019 2:45:41 PM org.openqa.selenium.remote.ProtocolHandshake createSession
INFO: Detected dialect: OSS
]]></system-err>
  </testcase>
  <testcase name="testOnlinerHomePage" classname="com.onlinerautomation.test.OnlinerHomePageTest" time="1.169"/>
  <testcase name="testOnlinerPositiveSearch" classname="com.onlinerautomation.test.SearchTest" time="7.597">
    <failure message="Product information is not correct: Lists differ at element [0]: Apple iPhone 7 32GB Black != Смартфон Apple iPhone 7 32GB Black expected [Apple iPhone 7 32GB Black] but found [Смартфон Apple iPhone 7 32GB Black]" type="java.lang.AssertionError">java.lang.AssertionError: Product information is not correct: Lists differ at element [0]: Apple iPhone 7 32GB Black != Смартфон Apple iPhone 7 32GB Black expected [Apple iPhone 7 32GB Black] but found [Смартфон Apple iPhone 7 32GB Black]
	at com.onlinerautomation.test.SearchTest.testOnlinerPositiveSearch(SearchTest.java:28)
</failure>
    <system-out><![CDATA[2019-01-31 14:45:57 OnlinerHomePageTest:57 - Close WebDriver
2019-01-31 14:45:58 SearchTest:44 - Initialize test class
2019-01-31 14:45:58 SearchTest:49 - Method name: testOnlinerPositiveSearch
2019-01-31 14:45:58 SearchTest:63 - Web driver was initialized
2019-01-31 14:46:04 HomePage:60 - Set data into search field
2019-01-31 14:46:05 HomePage:76 - Open first result from search
2019-01-31 14:46:10 ProductPage:32 - Verify product information
]]></system-out>
    <system-err><![CDATA[Starting ChromeDriver 72.0.3626.69 (3c16f8a135abc0d4da2dff33804db79b849a7c38) on port 9114
Only local connections are allowed.
Please protect ports used by ChromeDriver and related test frameworks to prevent access by malicious code.
Jan 31, 2019 2:46:00 PM org.openqa.selenium.remote.ProtocolHandshake createSession
INFO: Detected dialect: OSS
]]></system-err>
  </testcase>
  <testcase name="testProductPageElements" classname="com.onlinerautomation.test.SearchTest" time="6.155"/>
</testsuite>