<?xml version="1.0" encoding="UTF-8"?>
<!-- Generated by org.testng.reporters.JUnitReportReporter -->
<testsuite skipped="0" hostname="ukhatsko2097nt" name="com.onlinerautomation.test.OnlinerHomePageTest" tests="1" failures="0" timestamp="31 Jan 2019 11:46:26 GMT" time="7.651" errors="0">
  <testcase name="testOnlinerHomePage" time="7.651" classname="com.onlinerautomation.test.OnlinerHomePageTest"/>
</testsuite> <!-- com.onlinerautomation.test.OnlinerHomePageTest -->
