<?xml version="1.0" encoding="UTF-8"?>
<!-- Generated by org.testng.reporters.JUnitReportReporter -->
<testsuite skipped="0" hostname="ukhatsko2097nt" name="com.onlinerautomation.test.CarAnnouncementTest" tests="2" failures="0" timestamp="31 Jan 2019 11:46:26 GMT" time="59.671" errors="0">
  <testcase name="testComparePreviewAndOpenedAnnouncementData" time="38.783" classname="com.onlinerautomation.test.CarAnnouncementTest"/>
  <testcase name="testVerifyPageElements" time="20.888" classname="com.onlinerautomation.test.CarAnnouncementTest"/>
</testsuite> <!-- com.onlinerautomation.test.CarAnnouncementTest -->
