<?xml version="1.0" encoding="UTF-8"?>
<!-- Generated by org.testng.reporters.JUnitReportReporter -->
<testsuite skipped="0" hostname="ukhatsko2097nt" name="com.onlinerautomation.test.CarAnnouncementTest" tests="2" failures="0" timestamp="01 Feb 2019 07:48:20 GMT" time="35.686" errors="0">
  <testcase name="testVerifyPageElements" time="17.608" classname="com.onlinerautomation.test.CarAnnouncementTest"/>
  <testcase name="testComparePreviewAndOpenedAnnouncementData" time="18.078" classname="com.onlinerautomation.test.CarAnnouncementTest"/>
</testsuite> <!-- com.onlinerautomation.test.CarAnnouncementTest -->
