<?xml version="1.0" encoding="UTF-8"?>
<!-- Generated by org.testng.reporters.JUnitReportReporter -->
<testsuite skipped="0" hostname="ukhatsko2097nt" name="com.onlinerautomation.test.OnlinerHomePageTest" tests="1" failures="0" timestamp="01 Feb 2019 07:48:20 GMT" time="8.057" errors="0">
  <testcase name="testOnlinerHomePage" time="8.057" classname="com.onlinerautomation.test.OnlinerHomePageTest"/>
</testsuite> <!-- com.onlinerautomation.test.OnlinerHomePageTest -->
